[+] connect
[+] WSASend
[+] WSARecv
[+] send
[+] recv
[MOD] FreeStyle.exe base=0x400000 size=42979328
[SCAN] Found 0 instances of magic pattern in FreeStyle.exe
[*] ALL HOOKS READY - waiting for login...
[WSASEND #1] len=156 sock=0x7f4
43 4f 4e 4e 45 43 54 20 69 70 61 70 69 2e 74 32 
63 6e 2e 63 6f 6d 3a 34 34 33 20 48 54 54 50 2f 
31 2e 30 0d 0a 55 73 65 72 2d 41 67 65 6e 74 3a 
20 52 6f 6f 6b 49 45 2f 31 2e 30 0d 0a 48 6f 73 
74 3a 20 69 70 61 70 69 2e 74 32 63 6e 2e 63 6f 
6d 3a 34 34 33 0d 0a 43 6f 6e 74 65 6e 74 2d 4c 
65 6e 67 74 68 3a 20 30 0d 0a 50 72 6f 78 79 2d 
43 6f 6e 6e 65 63 74 69 6f 6e 3a 20 4b 65 65 70 
2d 41 6c 69 76 65 0d 0a 50 72 61 67 6d 61 3a 20 
6e 6f 2d 63 61 63 68 65 0d 0a 0d 0a 

[WSASEND #2] len=270 sock=0x7f4
16 03 01 01 09 01 00 01 05 03 03 77 e1 a1 39 72 
d1 ab 27 85 7e 0c 45 43 15 01 d7 c4 e3 56 bc 1c 
f4 06 f9 96 9f 1d ec 9e ae f9 0a 20 01 d6 8b ef 
27 5c 8c 1a 8d ae f8 32 a8 ce 70 a7 12 44 75 44 
77 73 5d 2e f0 d1 b0 df 8d 50 11 33 00 28 13 02 
13 01 c0 2c c0 2b c0 30 c0 2f c0 24 c0 23 c0 28 
c0 27 c0 0a c0 09 c0 14 c0 13 00 9d 00 9c 00 3d 
00 3c 00 35 00 2f 01 00 00 94 00 00 00 13 00 11 
00 00 0e 69 70 61 70 69 2e 74 32 63 6e 2e 63 6f 
6d 00 05 00 05 01 00 00 00 00 00 2b 00 05 04 03 
04 03 03 00 0d 00 1a 00 18 08 04 08 05 08 06 04 
01 05 01 02 01 04 03 05 03 02 03 02 02 06 01 06 
03 00 23 00 00 00 0a 00 08 00 06 00 1d 00 17 00 
18 00 33 00 26 00 24 00 1d 00 20 99 8c 22 5a 5b 
93 7d 3b 3a f5 f3 36 b8 3a 8f 2f 00 61 ea 43 4a 
df a4 f5 f7 4d be b1 69 79 73 12 00 31 00 00 00 

[WSARECV #1] len=15078 sock=0x7f4
65 01 c7 d3 5f 38 02 01 3f 72 67 7d 55 37 2e 19 
d8 00 00 01 97 7c 6c ae d8 00 00 04 03 00 46 30 
44 02 20 41 3f c4 bd 80 1d fb 42 9d 07 f3 22 4d 
42 57 14 22 14 98 6e ff 1e 40 d9 cd d6 54 b0 e5 
ed 05 d3 02 20 77 17 cd 49 33 51 13 a7 0a 66 ac 
f0 58 95 1a ae 1b 39 e8 88 3d d8 0c 8f a3 e1 d0 
c2 d1 b9 34 1d 30 0d 06 09 2a 86 48 86 f7 0d 01 
01 0b 05 00 03 82 02 01 00 4e 7c b7 89 d9 42 67 
4c 64 3e f2 04 47 9a ca b4 fa c0 03 44 c9 09 73 
a1 6b b8 8d 0c a7 40 f5 49 bd 5f b7 f7 6b dc 8f 
70 43 1f bf 93 73 e2 76 d3 49 85 3f 0e c6 d6 11 
f1 2d 06 a3 61 22 0e 85 e7 65 8d 38 31 fd e4 1e 
a2 ef b8 9e 6e 0c 36 63 e9 95 99 3c ea 53 15 03 
79 4f 67 18 62 04 7b 5d 16 ea a8 ec c3 01 4d a1 
62 1c 42 0c 44 b2 24 e4 63 81 84 d5 a0 40 14 38 
8a 68 e5 19 08 be a9 67 9d fc a3 48 56 b3 a4 06 

[WSASEND #3] len=93 sock=0x7f4
16 03 03 00 25 10 00 00 21 20 2e ec c1 25 6e 3c 
06 a9 00 aa 96 ad dc 77 7a cb e4 a6 4f ba 3f 72 
64 ad 5e 5b bb bf 5c 40 a0 62 14 03 03 00 01 01 
16 03 03 00 28 00 00 00 00 00 00 00 00 4f ef df 
ca 62 bd e7 07 c8 ef 20 9f 9b 86 62 d1 21 c0 f4 
e2 e4 d5 c4 04 1e 74 37 d9 35 8d c7 96 

[WSASEND #4] len=113 sock=0x7f4
17 03 03 00 6c 00 00 00 00 00 00 00 01 ed cd 54 
84 0f b2 4b e3 be ba 3a 68 67 44 0d 63 eb 22 55 
2c 04 11 f9 fe ce 89 c2 3f 07 b5 a7 d9 85 06 12 
57 48 f4 ee 52 6f cf 99 d8 76 49 5f 78 11 ed e4 
a5 14 98 c6 fe 30 d5 d1 af 39 4a 7c 77 9b de 89 
cb 05 a7 c0 d0 5d 9f f0 60 7d e3 cf 05 f5 2a 63 
22 b7 c6 33 2f a6 49 b8 19 39 35 40 b7 83 27 e9 
ab 

[WSASEND #5] len=28 sock=0xc98
43 d5 8b 80 c4 74 8a db 00 01 7c 39 8d f0 48 a8 
01 00 00 00 00 00 00 00 0a 00 00 00 

[RECV #2] len=24 sock=0xc98
d2 02 96 49 0b 00 10 00 78 f4 4b 16 8f 3a 45 47 
e8 7e 17 53 cf 97 bb 8c 

[WSASEND #6] len=28 sock=0xc98
43 d5 8b 80 c4 74 8a db 00 01 7c 39 b4 79 6a ca 
02 00 00 00 00 00 00 00 0c 00 00 00 

[WSASEND #7] len=28 sock=0xc98
43 d5 8b 80 c4 74 8a db 00 01 7c 39 0c d3 2f 17 
03 00 00 00 cd e0 00 3c 55 00 36 4a 

[WSASEND #8] len=28 sock=0xc98
43 d5 8b 80 c4 74 8a db 00 01 7c 39 c6 6b 2f 0e 
04 00 00 00 c2 ce 00 3c 55 00 09 4b 

[WSASEND #9] len=51 sock=0xc98
43 d5 8b 80 c4 74 8a db 00 01 7c 39 7e c1 6a d3 
05 00 00 00 c3 02 00 3c 55 00 58 5a ff 87 a8 54 
ce b7 99 7a cd b5 90 7a cc b3 86 66 ce 87 a8 54 
4c 55 68 

[RECV #3] len=613 sock=0xc98
c9 00 88 01 a8 00 7e 30 ee 01 00 78 ef 69 74 0c 
9f 72 3a 57 c0 71 61 0b 9c 71 6f 0a 9b 2f 74 4a 
8c 6f 2e 1b 80 6c 2f 14 80 66 69 16 c0 62 72 1d 
8e 75 65 3f 8e 6c 65 2b 8c 60 6e 3b 80 65 65 56 
8e 62 74 11 80 6f 3f 1f 8e 6c 65 27 86 65 3d 5d 
9c 27 64 11 9c 75 5f 11 8b 3c 25 0b c9 75 69 15 
8a 3c 25 0b c9 62 6f 1c 8a 3c 25 0b ef 01 00 78 
ef 01 00 78 ef 01 00 78 ef 01 00 78 ef 01 00 78 
ef 01 00 78 ef 01 00 78 ef 01 00 78 ef 01 00 78 
ef 01 00 78 ef 01 00 78 ef 01 00 78 ef 01 00 78 
ef 01 00 78 ef 01 00 78 ef 01 00 78 ef 01 00 78 
ef 01 00 78 ef 01 00 78 ef 01 00 78 ef 01 00 78 
ef 01 00 78 ef 01 00 78 ef 01 00 78 ef 01 00 78 
ef 01 00 78 ef 01 00 78 ef 01 00 78 ef 01 00 78 
ef 01 00 78 ef 01 00 78 ef 01 00 78 ef 01 00 78 
ef 01 00 78 ef 01 00 78 ef 01 00 78 ef 01 00 78 

[RECV #4] len=13 sock=0xc98
f6 00 e4 06 aa 00 67 30 fb 01 00 78 7c 

[RECV #5] len=1696 sock=0xc98
a7 00 76 07 ac 00 be 30 06 02 00 78 12 02 00 78 
5a 43 6c 1b 69 6a 6f 14 28 66 6c 14 06 02 00 78 
06 02 00 78 06 02 00 78 06 02 00 78 06 02 00 78 
06 02 00 78 06 02 00 78 06 02 00 78 06 02 00 78 
06 02 00 4f 31 36 30 4c 37 66 33 4c 37 3b 66 4d 
65 61 33 48 63 36 35 49 30 32 64 41 34 66 38 1a 
64 63 65 78 5a 43 70 17 6a 6e 6f 24 47 72 6f 14 
6a 6d 32 56 62 6e 6c 78 06 02 00 78 06 02 00 78 
06 02 00 78 06 02 00 78 06 02 00 78 06 02 00 78 
06 02 00 78 06 02 00 4c 62 30 31 4d 3e 66 64 4d 
67 34 62 1e 67 61 31 4b 60 60 63 19 30 63 30 49 
62 67 39 1c 64 3a 31 78 5a 43 70 17 6a 6e 6f 24 
47 72 6f 14 6a 6d 43 2c 28 66 6c 14 06 02 00 78 
06 02 00 78 06 02 00 78 06 02 00 78 06 02 00 78 
06 02 00 78 06 02 00 78 06 02 00 4e 65 37 61 49 
3e 64 64 19 36 37 35 49 62 35 32 1a 32 60 32 49 

[WSASEND #10] len=51 sock=0xc98
43 d5 8b 80 c4 74 8a db 00 01 7c 39 47 48 48 b1 
06 00 00 00 c0 1f 00 3c 55 00 58 47 14 8c a8 54 
31 bc 99 7a 32 be 90 7a 33 b8 86 66 31 8c a8 54 
50 55 73 

[RECV #6] len=1696 sock=0xc98
a7 00 64 04 ac 00 ac 30 07 02 00 78 07 02 00 78 
4f 67 72 0a 7c 70 72 1d 63 6d 72 0c 3d 66 6c 14 
13 02 00 78 13 02 00 78 13 02 00 78 13 02 00 78 
13 02 00 78 13 02 00 78 13 02 00 78 13 02 00 78 
13 02 00 41 77 3a 32 4f 22 33 66 4c 2a 34 38 4e 
25 35 38 4a 2b 36 36 1e 71 36 64 19 26 30 62 4a 
72 60 66 78 4f 44 72 1d 76 51 74 01 7f 67 2e 1d 
6b 67 00 78 13 02 00 78 13 02 00 78 13 02 00 78 
13 02 00 78 13 02 00 78 13 02 00 78 13 02 00 78 
13 02 00 78 13 02 00 4b 2b 3a 34 1a 20 61 31 1d 
24 31 38 1b 76 37 39 1d 2b 35 38 1c 22 3a 62 49 
72 66 38 49 70 34 65 78 4f 44 53 3a 7c 7a 2e 1c 
7f 6e 00 78 13 02 00 78 13 02 00 78 13 02 00 78 
13 02 00 78 13 02 00 78 13 02 00 78 13 02 00 78 
13 02 00 78 13 02 00 78 13 02 00 49 23 63 36 4e 
24 31 35 41 71 67 66 1c 75 35 36 1e 20 31 62 41 

[WSASEND #11] len=51 sock=0xc98
43 d5 8b 80 c4 74 8a db 00 01 7c 39 ff e2 0d 6c 
07 00 00 00 c1 1b 00 3c 55 00 58 43 2a 90 a8 54 
33 a0 99 7a 30 a2 90 7a 31 a4 86 66 33 90 a8 54 
54 55 7f 

[RECV #7] len=1696 sock=0xc98
a6 00 93 05 ad 00 5b 30 09 02 00 78 35 02 00 78 
7d 71 61 08 7e 71 70 49 11 34 2e 08 40 69 00 78 
21 02 00 78 21 02 00 78 21 02 00 78 21 02 00 78 
21 02 00 78 21 02 00 78 21 02 00 78 21 02 00 78 
21 02 00 4f 44 31 38 4a 44 31 31 1a 17 37 36 4e 
14 61 36 1b 15 3b 35 1e 16 37 30 48 19 31 64 49 
13 34 64 78 7d 71 61 08 7e 71 70 49 11 35 2e 08 
40 69 00 78 21 02 00 78 21 02 00 78 21 02 00 78 
21 02 00 78 21 02 00 78 21 02 00 78 21 02 00 78 
21 02 00 78 21 02 00 1a 47 60 66 4b 43 31 36 40 
16 34 61 4b 14 37 38 4a 44 60 34 41 42 60 30 4b 
10 64 30 4d 40 3b 35 78 7d 71 61 08 7e 71 70 49 
11 3a 2e 08 40 69 00 78 21 02 00 78 21 02 00 78 
21 02 00 78 21 02 00 78 21 02 00 78 21 02 00 78 
21 02 00 78 21 02 00 78 21 02 00 1d 44 67 61 1a 
19 33 34 48 16 60 38 1d 17 66 32 4c 17 37 33 4c 

[WSASEND #12] len=51 sock=0xc98
43 d5 8b 80 c4 74 8a db 00 01 7c 39 d3 39 49 83 
08 00 00 00 c6 16 00 3c 55 00 58 4e 39 94 a8 54 
34 a4 99 7a 37 a6 90 7a 36 a0 86 66 34 94 a8 54 
59 55 8c 

[RECV #8] len=1696 sock=0xc98
a6 00 83 7a ad 00 4b 30 0c 02 00 78 24 02 00 78 
6c 71 61 08 6f 71 70 4a 00 32 30 56 40 63 6b 78 
30 02 00 78 30 02 00 78 30 02 00 78 30 02 00 78 
30 02 00 78 30 02 00 78 30 02 00 78 30 02 00 78 
30 02 00 4c 56 61 37 1b 06 64 35 49 03 61 33 1c 
08 60 62 1e 52 3b 39 40 54 37 34 1e 06 35 39 49 
53 61 64 78 6c 71 61 08 6f 71 70 4a 00 32 31 56 
40 63 6b 78 30 02 00 78 30 02 00 78 30 02 00 78 
30 02 00 78 30 02 00 78 30 02 00 78 30 02 00 78 
30 02 00 78 30 02 00 40 08 34 39 40 56 3a 61 19 
55 63 33 49 51 63 34 4b 03 35 30 4b 51 60 64 4a 
01 33 31 4d 53 3a 30 78 6c 71 61 08 6f 71 70 4a 
00 32 32 56 40 63 6b 78 30 02 00 78 30 02 00 78 
30 02 00 78 30 02 00 78 30 02 00 78 30 02 00 78 
30 02 00 78 30 02 00 78 30 02 00 4c 56 36 31 4e 
07 61 33 1a 05 3b 37 4c 06 34 36 4a 56 64 35 1d 

[WSASEND #13] len=51 sock=0xc98
43 d5 8b 80 c4 74 8a db 00 01 7c 39 6b 93 0c 5e 
09 00 00 00 c7 10 00 3c 55 00 58 48 59 98 a8 54 
38 a8 99 7a 3b aa 90 7a 3a ac 86 66 38 98 a8 54 
5f 55 9a 

[RECV #9] len=1696 sock=0xc98
a6 00 b4 7b ad 00 7c 30 10 02 00 78 54 02 00 78 
1c 71 61 08 1f 71 70 4a 72 36 2e 08 21 69 00 78 
40 02 00 78 40 02 00 78 40 02 00 78 40 02 00 78 
40 02 00 78 40 02 00 78 40 02 00 78 40 02 00 78 
40 02 00 4d 77 66 34 4a 76 33 63 1a 71 3b 65 1a 
76 35 39 1a 79 63 39 1b 73 3a 30 1c 79 32 38 48 
78 67 37 78 1c 71 61 08 1f 71 70 4a 73 2c 70 19 
2b 02 00 78 40 02 00 78 40 02 00 78 40 02 00 78 
40 02 00 78 40 02 00 78 40 02 00 78 40 02 00 78 
40 02 00 78 40 02 00 1c 21 30 63 1b 75 3b 30 4f 
78 33 66 4a 25 61 35 19 24 37 30 41 24 31 61 1a 
22 60 63 4f 24 32 31 78 1c 71 61 08 1f 71 70 4a 
74 2c 70 19 2b 02 00 78 40 02 00 78 40 02 00 78 
40 02 00 78 40 02 00 78 40 02 00 78 40 02 00 78 
40 02 00 78 40 02 00 78 40 02 00 41 26 36 62 1c 
75 3b 62 48 25 64 39 1b 77 3a 30 1d 71 33 64 1d 

[WSASEND #14] len=51 sock=0xc98
43 d5 8b 80 c4 74 8a db 00 01 7c 39 52 1a 2e 3c 
0a 00 00 00 c4 29 00 3c 55 00 58 71 6a 9c a8 54 
3f ac 99 7a 3c ae 90 7a 3d a8 86 66 3f 9c a8 54 
66 55 a9 

[RECV #10] len=1696 sock=0xc98
a6 00 a6 78 ad 00 6e 30 35 02 00 78 45 02 00 78 
0d 71 61 08 0e 71 70 4b 65 2c 70 19 3a 02 00 78 
51 02 00 78 51 02 00 78 51 02 00 78 51 02 00 78 
51 02 00 78 51 02 00 78 51 02 00 78 51 02 00 78 
51 02 00 4f 67 32 31 4a 66 34 37 4c 37 60 39 4f 
35 32 61 40 33 37 62 1a 61 31 62 40 32 67 63 1a 
67 3a 39 78 0d 71 61 08 0e 71 70 4b 64 2c 70 19 
3a 02 00 78 51 02 00 78 51 02 00 78 51 02 00 78 
51 02 00 78 51 02 00 78 51 02 00 78 51 02 00 78 
51 02 00 78 51 02 00 1b 65 67 62 40 61 31 37 1a 
66 63 35 4f 62 60 32 19 37 66 35 1e 63 33 62 4a 
65 66 65 4c 60 32 63 78 0d 71 61 08 0e 71 70 4b 
67 2c 70 19 3a 02 00 78 51 02 00 78 51 02 00 78 
51 02 00 78 51 02 00 78 51 02 00 78 51 02 00 78 
51 02 00 78 51 02 00 78 51 02 00 4c 32 66 61 4c 
62 64 66 1d 32 60 65 1b 30 36 65 19 35 66 62 4e 

[WSASEND #15] len=51 sock=0xc98
43 d5 8b 80 c4 74 8a db 00 01 7c 39 ea b0 6b e1 
0b 00 00 00 c5 21 00 3c 55 00 58 79 6c a0 a8 54 
25 90 99 7a 26 92 90 7a 27 94 86 66 25 a0 a8 54 
6e 55 b9 

[RECV #11] len=1696 sock=0xc98
a6 00 c9 79 ad 00 01 30 1b 02 00 78 77 02 00 78 
3f 71 61 08 3c 71 70 4c 52 31 2e 08 02 69 00 78 
63 02 00 78 63 02 00 78 63 02 00 78 63 02 00 78 
63 02 00 78 63 02 00 78 63 02 00 78 63 02 00 78 
63 02 00 4a 56 35 37 4f 50 36 61 1d 50 30 62 4f 
5a 36 38 1b 07 60 36 4e 01 33 33 4d 55 64 64 48 
02 32 35 78 3f 71 61 08 3c 71 70 4c 52 36 2e 08 
02 69 00 78 63 02 00 78 63 02 00 78 63 02 00 78 
63 02 00 78 63 02 00 78 63 02 00 78 63 02 00 78 
63 02 00 78 63 02 00 4e 07 32 62 1a 06 35 32 4a 
54 3a 39 4a 5a 64 34 49 06 63 61 4b 05 63 66 1a 
06 30 39 1c 02 32 36 78 3f 71 61 08 3c 71 70 4c 
52 37 2e 08 02 69 00 78 63 02 00 78 63 02 00 78 
63 02 00 78 63 02 00 78 63 02 00 78 63 02 00 78 
63 02 00 78 63 02 00 78 63 02 00 1b 51 31 62 1b 
06 37 33 41 54 31 32 1d 07 61 30 1c 05 30 30 4a 

[WSASEND #16] len=51 sock=0xc98
43 d5 8b 80 c4 74 8a db 00 01 7c 39 20 08 6b f8 
0c 00 00 00 3a 38 00 3c 55 00 58 60 97 a4 a8 54 
2a 94 99 7a 29 96 90 7a 28 90 86 66 2a a4 a8 54 
77 55 ca 

[RECV #12] len=1696 sock=0xc98
a6 00 fd 7e ad 00 35 30 fa 02 00 78 62 02 00 78 
2a 71 61 08 29 71 70 4d 4f 2c 70 19 1d 02 00 78 
76 02 00 78 76 02 00 78 76 02 00 78 76 02 00 78 
76 02 00 78 76 02 00 78 76 02 00 78 76 02 00 78 
76 02 00 1d 15 3b 37 4e 44 33 62 4c 41 61 34 1b 
4e 63 36 4d 15 63 38 40 10 66 38 1b 12 31 64 4d 
47 30 34 78 2a 71 61 08 29 71 70 4e 46 2c 70 19 
1d 02 00 78 76 02 00 78 76 02 00 78 76 02 00 78 
76 02 00 78 76 02 00 78 76 02 00 78 76 02 00 78 
76 02 00 78 76 02 00 4c 46 32 39 4b 4f 37 62 40 
13 37 33 40 40 61 39 19 40 67 32 48 4f 36 63 1d 
43 37 30 4d 15 32 63 78 2a 71 61 08 29 71 70 4e 
47 2c 70 19 1d 02 00 78 76 02 00 78 76 02 00 78 
76 02 00 78 76 02 00 78 76 02 00 78 76 02 00 78 
76 02 00 78 76 02 00 78 76 02 00 1d 4f 32 34 1d 
47 3a 62 1b 47 66 61 4d 41 61 62 41 12 66 66 1d 

[WSASEND #17] len=51 sock=0xc98
43 d5 8b 80 c4 74 8a db 00 01 7c 39 98 a2 2e 25 
0d 00 00 00 3b ce 00 3c 55 00 58 96 83 a8 a8 54 
12 98 99 7a 11 9a 90 7a 10 9c 86 66 12 a8 a8 54 
81 55 dc 

[RECV #13] len=1696 sock=0xc98
a6 00 e2 7f ad 00 2a 30 2a 02 00 78 9e 02 00 78 
d6 71 61 08 d5 71 70 4e bd 5d 31 56 fa 63 6b 78 
8a 02 00 78 8a 02 00 78 8a 02 00 78 8a 02 00 78 
8a 02 00 78 8a 02 00 78 8a 02 00 78 8a 02 00 78 
8a 02 00 19 b9 36 64 4b bf 63 63 1e bc 60 35 48 
bb 67 62 1d ec 34 37 49 e8 63 63 19 b9 64 36 40 
b9 36 63 78 d6 71 61 08 d5 71 70 4e b2 2c 70 19 
e1 02 00 78 8a 02 00 78 8a 02 00 78 8a 02 00 78 
8a 02 00 78 8a 02 00 78 8a 02 00 78 8a 02 00 78 
8a 02 00 78 8a 02 00 40 b3 32 65 1d be 3a 34 4d 
bf 67 33 1e b8 31 31 4e b9 63 33 4b b9 61 30 41 
e9 63 62 4b ee 30 63 78 d6 71 61 08 d5 71 70 4e 
b2 5d 31 56 fa 63 6b 78 8a 02 00 78 8a 02 00 78 
8a 02 00 78 8a 02 00 78 8a 02 00 78 8a 02 00 78 
8a 02 00 78 8a 02 00 78 8a 02 00 49 be 34 64 4c 
ef 33 39 19 bb 31 34 4b bc 33 63 1c bc 37 62 1b 

[WSASEND #18] len=51 sock=0xc98
43 d5 8b 80 c4 74 8a db 00 01 7c 39 a1 2b 0c 47 
0e 00 00 00 38 c3 00 3c 55 00 58 9b 98 ac a8 54 
1d 9c 99 7a 1e 9e 90 7a 1f 98 86 66 1d ac a8 54 
8c 55 ef 

[RECV #14] len=1528 sock=0xc98
a6 00 60 7c ae 00 c0 30 2b 02 00 78 8d 02 00 78 
c3 71 61 08 c0 71 70 40 ae 2c 70 19 f4 02 00 78 
9f 02 00 78 9f 02 00 78 9f 02 00 78 9f 02 00 78 
9f 02 00 78 9f 02 00 78 9f 02 00 78 9f 02 00 78 
9f 02 00 1d f9 34 34 4e ae 66 36 49 fa 67 64 48 
ab 31 64 1c a7 35 31 40 ad 35 39 4e fc 64 34 1c 
fd 34 37 78 c3 71 61 08 c0 71 70 40 ae 5d 31 56 
ef 63 6b 78 9f 02 00 78 9f 02 00 78 9f 02 00 78 
9f 02 00 78 9f 02 00 78 9f 02 00 78 9f 02 00 78 
9f 02 00 78 9f 02 00 4c ae 33 35 19 a6 32 34 4b 
fa 63 31 4b fa 61 35 1a a8 67 34 41 fc 61 38 4c 
a6 33 34 19 ad 34 34 78 c3 71 61 08 c0 71 70 40 
ad 2c 70 19 f4 02 00 78 9f 02 00 78 9f 02 00 78 
9f 02 00 78 9f 02 00 78 9f 02 00 78 9f 02 00 78 
9f 02 00 78 9f 02 00 78 9f 02 00 4e ac 61 62 4a 
a9 67 31 4a ac 32 61 1b aa 60 37 4b a9 66 32 48 

[WSASEND #19] len=51 sock=0xc98
43 d5 8b 80 c4 74 8a db 00 01 7c 39 19 81 49 9a 
0f 00 00 00 39 d7 00 3c 55 00 58 8f f0 b0 a8 54 
07 80 99 7a 04 82 90 7a 05 84 86 66 07 b0 a8 54 
98 55 03 

[RECV #15] len=16 sock=0xc98
a6 00 af 7d ab 00 f7 30 73 02 00 78 b5 02 00 78 

[WSASEND #20] len=28 sock=0xc98
43 d5 8b 80 c4 74 8a db 00 01 7c 39 08 eb 69 9c 
10 00 00 00 3e 85 00 3c 55 00 1b a5 

[RECV #16] len=8 sock=0xc98
e5 00 bf 72 ab 00 9f 30 

[WSASEND #21] len=291 sock=0xc98
43 d5 8b 80 c4 74 8a db 00 01 7c 39 b0 41 2c 41 
11 00 00 00 3f 2a 00 3c 54 00 6f b4 4d b8 a8 54 
0c 89 90 63 0b fb 98 62 7e 89 99 61 7d fc 9d 67 
4d b8 a8 54 4d b8 a8 54 4d b8 a8 54 4d b8 a8 54 
4d b8 a8 54 4d b8 a8 54 4d b8 a8 54 4d b8 a8 54 
4d b8 a8 54 4d b8 a8 54 4d b8 a8 54 4d b8 a8 54 
4d b8 a8 54 4d b8 a8 54 4d b8 a8 54 4d b8 a8 54 
4d b8 a8 54 4d b8 c5 6c 74 89 9a 65 75 b8 a8 54 
4d b8 a8 54 4d b8 a8 54 4d b8 a8 54 4d b8 a8 54 
4d b8 a8 54 4d b8 a8 54 4d b8 a8 54 4d b8 a8 6c 
75 88 9a 67 79 dc c9 3a 4d b8 a8 54 4d b8 a8 54 
4d b8 a8 54 4d b8 a8 54 4d b8 a8 54 4d b8 a8 54 
4d b8 a8 54 4d b8 a8 54 4d b8 a8 54 4d b8 a8 54 
4d b8 a8 54 4d b8 a8 54 4d b8 a8 54 4d b8 a8 54 
4d b8 a8 54 4d b8 a8 54 4d b8 a8 54 4d b8 a8 54 
4d b8 a8 54 4d b8 a8 54 4d b8 a8 54 4d b8 a8 54 

[RECV #17] len=56 sock=0xc98
bf 00 e8 73 ab 00 8b 30 e4 02 00 78 e4 02 00 78 
e4 02 00 78 e4 02 00 78 e4 02 00 78 e4 02 00 78 
e4 02 00 78 e5 02 00 78 e5 02 00 78 e5 02 00 78 
e6 02 00 78 e4 02 00 78 

[RECV #18] len=69 sock=0xc98
f7 00 cf 70 ab 00 78 30 fd 02 00 78 fd 02 00 78 
fd 02 00 78 fd 02 00 78 e0 23 0b 12 90 3a 39 49 
cf 33 38 78 fd 02 00 78 fd 02 00 78 fd 02 00 78 
fd 02 00 78 fd 02 00 78 fd 02 00 78 fd 02 00 78 
fd 02 00 78 97 

[RECV #19] len=12 sock=0xc98
b3 00 09 71 ac 00 7c 30 07 03 00 78 

[RECV #20] len=17 sock=0xc98
f2 00 29 76 ac 00 2a 30 f2 00 47 77 ac 00 e8 30 
25 

[RECV #21] len=16 sock=0xc98
f1 00 6c 74 ac 00 7a 30 6a 03 00 78 6a 03 00 78 

[RECV #22] len=7989 sock=0xc98
f2 00 d6 75 ac 00 97 30 88 03 00 78 8b 03 00 78 
88 02 01 79 89 03 02 79 89 03 c8 87 59 fc cb 87 
44 fc 1e 87 96 fc 20 87 98 fc 10 87 9b fc 2c 87 
a7 fc 21 87 9a fc 2d 87 a3 fc 39 87 8b fc 03 87 
8d fc 05 87 8f fc 07 87 81 fc 09 87 83 fc 0b 87 
a6 fc 14 87 db 3a 0f 87 a0 fc 00 87 87 8d 00 bb 
6a ac 00 91 30 a8 03 00 78 a9 03 00 78 a9 03 00 
78 a9 03 00 78 a9 03 00 78 a9 03 00 78 8d 00 d4 
6b ac 00 a3 30 12 02 00 78 27 13 00 78 df 03 00 
78 e5 03 00 78 fa 00 e1 68 ac 00 0d 30 a1 06 0a 
0d 7e 34 fd ae 00 ad 69 ad 00 e5 30 0b 04 00 78 
ad 22 35 79 0b 04 00 78 0b 04 00 78 0b 04 00 78 
0b 04 37 3a 49 31 46 41 3b 47 2d 48 4e 47 32 55 
3f 42 34 39 26 46 31 3e 3f 29 45 4c 38 47 45 4d 
38 32 32 3e 33 31 00 78 0a 04 00 78 4e 35 37 40 
39 35 38 41 3a 35 30 4d 2b 04 00 79 32 66 65 41 

[WSASEND #22] len=61 sock=0xc98
43 d5 8b 80 c4 74 8a db 00 01 7c 39 89 c8 0e 23 
12 00 00 00 3c a6 00 3c 55 00 0a e3 5a bc a8 54 
5a bc a8 54 5a bc a8 54 5a bc a8 54 5a bc a8 54 
5a bc a8 54 5a bc a8 54 5a bc a8 54 5c 

[WSASEND #23] len=28 sock=0xc98
43 d5 8b 80 c4 74 8a db 00 01 7c 39 31 62 4b fe 
13 00 00 00 3d b6 00 3c 55 00 08 d2 

[RECV #23] len=10 sock=0xc98
f3 00 f9 65 ae 00 9e 30 fb ae 

[WSASEND #24] len=29 sock=0xc98
43 d5 8b 80 c4 74 8a db 00 01 7c 39 fb da 4b e7 
14 00 00 00 32 84 00 3c 55 00 08 e2 84 

[RECV #24] len=10 sock=0xc98
f2 00 29 5a af 00 43 30 2b ae 

[WSASEND #25] len=28 sock=0xc98
43 d5 8b 80 c4 74 8a db 00 01 7c 39 43 70 0e 3a 
15 00 00 00 33 39 00 3c 55 00 09 f5 

[WSASEND #26] len=37 sock=0xc98
43 d5 8b 80 c4 74 8a db 00 01 7c 39 7a f9 2c 58 
16 00 00 00 30 f1 00 3c 56 00 41 01 98 c4 a8 54 
98 32 57 ab 4d 

[WSASEND #27] len=28 sock=0xc98
43 d5 8b 80 c4 74 8a db 00 01 7c 39 c2 53 69 85 
17 00 00 00 31 4d 00 3c 56 00 42 1c 

[WSASEND #28] len=28 sock=0xc98
43 d5 8b 80 c4 74 8a db 00 01 7c 39 ee 88 2d 6a 
18 00 00 00 36 47 00 3c 56 00 76 31 

[WSASEND #29] len=32 sock=0xc98
43 d5 8b 80 c4 74 8a db 00 01 7c 39 56 22 68 b7 
19 00 00 00 37 f9 00 3c 56 00 41 43 d1 d8 a8 54 

[WSASEND #30] len=28 sock=0xc98
43 d5 8b 80 c4 74 8a db 00 01 7c 39 6f ab 4a d5 
1a 00 00 00 34 5d 00 3c 56 00 77 5e 

[WSASEND #31] len=28 sock=0xc98
43 d5 8b 80 c4 74 8a db 00 01 7c 39 d7 01 0f 08 
1b 00 00 00 35 15 00 3c 56 00 0c 76 

[WSASEND #32] len=28 sock=0xc98
43 d5 8b 80 c4 74 8a db 00 01 7c 39 1d b9 0f 11 
1c 00 00 00 2a bf 00 3c 56 00 0c 8f 

[WSASEND #33] len=29 sock=0xc98
43 d5 8b 80 c4 74 8a db 00 01 7c 39 a5 13 4a cc 
1d 00 00 00 2b af 00 3c 56 00 08 a8 6f 

[WSASEND #34] len=28 sock=0xc98
43 d5 8b 80 c4 74 8a db 00 01 7c 39 9c 9a 68 ae 
1e 00 00 00 28 c6 00 3c 56 00 35 c4 

[WSASEND #35] len=28 sock=0xc98
43 d5 8b 80 c4 74 8a db 00 01 7c 39 24 30 2d 73 
1f 00 00 00 29 a0 00 3c 56 00 30 e0 

[WSASEND #36] len=28 sock=0xc98
43 d5 8b 80 c4 74 8a db 00 01 7c 39 be 4e 28 a2 
20 00 00 00 2e 6b 00 3c 56 00 33 fd 

[WSASEND #37] len=28 sock=0xc98
43 d5 8b 80 c4 74 8a db 00 01 7c 39 06 e4 6d 7f 
21 00 00 00 2f 23 00 3c 57 00 31 1b 

[RECV #25] len=40 sock=0xc98
b8 00 50 5b af 00 a6 30 7f 06 00 78 50 06 00 78 
62 06 00 78 bb 00 82 58 af 00 dc 30 87 06 00 78 
82 06 00 78 81 06 00 78 

[WSASEND #38] len=49 sock=0xc98
43 d5 8b 80 c4 74 8a db 00 01 7c 39 3f 6d 4f 1d 
22 00 00 00 2c e9 00 3c 57 00 40 2f 4d 02 57 ab 
b2 f5 a8 54 b2 03 57 ab 4d fd a8 54 b2 fc a8 54 
14 

[WSASEND #39] len=28 sock=0xc98
43 d5 8b 80 c4 74 8a db 00 01 7c 39 87 c7 0a c0 
23 00 00 00 2d 7a 00 3c 57 00 19 5a 

[RECV #26] len=80 sock=0xc98
b8 00 d5 59 af 00 7c 30 b3 06 00 78 09 16 00 78 
c0 27 4a 78 7c b7 2e 78 b3 06 00 78 8e 00 d9 5e 
af 00 f1 30 e3 06 00 78 e7 06 00 78 fb 06 00 78 
e4 06 00 78 d7 06 00 78 e5 06 00 78 a3 06 00 78 
e2 06 00 78 bf 06 00 78 e3 06 00 78 d9 44 0f 78 

[RECV #27] len=1388 sock=0xc98
ea 00 6c 5f b4 00 1b 30 1a 06 00 78 1a 28 00 78 
1a 28 00 78 1a f9 5d e9 c8 c3 e7 78 1a 07 00 78 
1a 07 00 78 1e 07 00 78 28 07 00 78 c2 aa d8 c4 
ae f5 bd a1 1a 07 00 78 1a 07 00 7d 1a 07 00 4a 
1a 07 00 b3 a7 b7 ae 94 fb 8b ad b6 da 07 00 78 
1a 07 04 78 1a 07 32 78 1a 07 47 17 69 6f d8 c4 
5e 07 ce b8 1a 07 00 78 1a 04 00 78 1a 35 00 78 
1a 86 57 bd b7 f9 5d 78 1a c9 c0 78 1a 07 00 78 
1e 07 00 78 28 07 00 78 e4 5a b9 9a cb e2 00 78 
d4 c7 00 78 1a 07 00 78 1a 07 00 4a 1a 07 00 86 
47 c4 d7 9d d2 c7 d5 78 da 07 00 78 1a 07 05 78 
1a 07 32 78 1a 07 fe 25 a3 e5 cf db 1a d2 00 b8 
1a 07 00 78 1a 03 00 78 1a 35 00 78 1a f9 5d c1 
f8 b7 ae 78 cf 07 c0 78 1a 07 00 78 1e 07 00 78 
28 07 00 78 9b 50 c5 d5 f3 de d7 ab 1a c7 00 78 
1a 07 00 7c 1a 07 00 4a 1a 07 00 86 47 c2 b7 f4 

[RECV #28] len=41 sock=0xc98
d7 00 47 50 b1 00 7b 30 2d 08 00 78 47 a6 00 69 
51 b1 00 c0 30 13 09 00 78 dd 18 00 78 14 29 4a 
78 a8 b9 2e 78 67 08 00 78 

[RECV #29] len=1142 sock=0xc98
a6 00 d7 56 b5 00 6d 30 a2 09 00 78 a2 0e 00 78 
a2 00 00 78 a2 08 00 78 a2 08 00 b3 5f db d0 c0 
53 bd f7 78 17 d0 ad 78 a2 08 a6 13 2c 0f 32 78 
a2 08 00 78 a2 08 01 78 a2 08 04 78 a2 08 05 78 
a2 08 20 7b a2 08 01 d2 a2 08 00 78 a2 08 00 78 
a2 08 00 87 5d f7 ff 70 a2 08 00 5f ff 09 03 71 
7c 0a 03 f3 d1 0c 03 d9 47 00 03 e1 ae 1a 03 ed 
78 f4 02 7d 38 1b 03 df 33 18 03 78 a2 08 00 78 
a2 08 ee 7a a2 08 e6 5d 97 09 00 78 a2 08 01 78 
a2 08 00 87 5d f7 ff 78 a2 08 00 78 a3 08 00 78 
a2 08 00 78 a2 c4 ab 9d 58 cc c3 b4 58 08 b5 a0 
0f 08 00 78 5e fb 8b 7f 90 08 00 78 a2 08 00 78 
a3 08 00 78 a6 08 00 78 a3 08 00 78 1b 03 00 78 
a3 c3 00 78 a2 08 00 78 a2 08 00 78 a2 f7 ff 87 
5d 02 00 78 a2 9d da 84 a0 3f 5c 79 a1 2b dd 7a 
a1 f9 71 7c a1 d1 89 6b a1 d9 0b 6a a1 3b 72 75 

[WSASEND #40] len=47 sock=0xc98
43 d5 8b 80 c4 74 8a db 00 01 7c 39 4d 7f 0a d9 
24 00 00 00 22 82 00 3c 57 00 4f 68 ee 05 a9 54 
24 f8 7a 84 57 f4 1c a3 ef 05 a9 54 7b 57 8e 

[RECV #30] len=8 sock=0xc98
ff 00 f6 57 b1 00 d6 30 

[RECV #31] len=16 sock=0xc98
a9 00 3c 54 b2 00 f2 30 1a 09 00 79 1a 08 01 79 

[WSASEND #41] len=32 sock=0xc98
43 d5 8b 80 c4 74 8a db 00 01 7c 39 f5 d5 4f 04 
25 00 00 00 23 23 00 3c 57 00 40 99 0f 0a a9 54 

[RECV #32] len=28 sock=0xc98
a5 00 67 55 b2 00 ce 30 2d 08 00 78 e3 19 00 78 
2a 28 4a 78 96 b8 2e 78 59 09 00 78 

